<?xml version="1.0" encoding="utf-8"?>
<test-run id="2" testcasecount="138" result="Passed" total="138" passed="138" failed="0" inconclusive="0" skipped="0" asserts="0" engine-version="3.5.0.0" clr-version="4.0.30319.42000" start-time="2026-09-06 09:52:29Z" end-time="2026-09-06 09:52:29Z" duration="0.2299252">
  <test-suite type="TestSuite" id="1000" name="Ravenfield" fullname="Ravenfield" runstate="Runnable" testcasecount="138" result="Passed" start-time="2026-09-06 09:52:29Z" end-time="2026-09-06 09:52:29Z" duration="0.229925" total="138" passed="138" failed="0" inconclusive="0" skipped="0" asserts="0">
    <properties>
      <property name="platform" value="EditMode" />
    </properties>
    <test-suite type="Assembly" id="1033" name="Ironfront.Net.Unity.Client.Tests.dll" fullname="D:/Coding/LTM/Ironfront_Reborn/Library/ScriptAssemblies/Ironfront.Net.Unity.Client.Tests.dll" runstate="Runnable" testcasecount="18" result="Passed" start-time="2026-09-06 09:52:29Z" end-time="2026-09-06 09:52:29Z" duration="0.073928" total="18" passed="18" failed="0" inconclusive="0" skipped="0" asserts="0">
      <properties>
        <property name="_PID" value="39848" />
        <property name="_APPDOMAIN" value="Unity Child Domain" />
        <property name="platform" value="EditMode" />
        <property name="EditorOnly" value="True" />
      </properties>
      <test-suite type="TestSuite" id="1034" name="Ironfront" fullname="Ironfront" runstate="Runnable" testcasecount="18" result="Passed" start-time="2026-09-06 09:52:29Z" end-time="2026-09-06 09:52:29Z" duration="0.073499" total="18" passed="18" failed="0" inconclusive="0" skipped="0" asserts="0">
        <properties />
        <test-suite type="TestSuite" id="1035" name="Net" fullname="Ironfront.Net" runstate="Runnable" testcasecount="18" result="Passed" start-time="2026-09-06 09:52:29Z" end-time="2026-09-06 09:52:29Z" duration="0.073373" total="18" passed="18" failed="0" inconclusive="0" skipped="0" asserts="0">
          <properties />
          <test-suite type="TestSuite" id="1036" name="Unity" fullname="Ironfront.Net.Unity" runstate="Runnable" testcasecount="18" result="Passed" start-time="2026-09-06 09:52:29Z" end-time="2026-09-06 09:52:29Z" duration="0.073268" total="18" passed="18" failed="0" inconclusive="0" skipped="0" asserts="0">
            <properties />
            <test-suite type="TestSuite" id="1037" name="Client" fullname="Ironfront.Net.Unity.Client" runstate="Runnable" testcasecount="18" result="Passed" start-time="2026-09-06 09:52:29Z" end-time="2026-09-06 09:52:29Z" duration="0.073162" total="18" passed="18" failed="0" inconclusive="0" skipped="0" asserts="0">
              <properties />
              <test-suite type="TestSuite" id="1038" name="Tests" fullname="Ironfront.Net.Unity.Client.Tests" runstate="Runnable" testcasecount="18" result="Passed" start-time="2026-09-06 09:52:29Z" end-time="2026-09-06 09:52:29Z" duration="0.072978" total="18" passed="18" failed="0" inconclusive="0" skipped="0" asserts="0">
                <properties />
                <test-suite type="TestFixture" id="1012" name="DedicatedServerDeclinesLocalClientTests" fullname="Ironfront.Net.Unity.Client.Tests.DedicatedServerDeclinesLocalClientTests" classname="Ironfront.Net.Unity.Client.Tests.DedicatedServerDeclinesLocalClientTests" runstate="Runnable" testcasecount="4" result="Passed" start-time="2026-09-06 09:52:29Z" end-time="2026-09-06 09:52:29Z" duration="0.042028" total="4" passed="4" failed="0" inconclusive="0" skipped="0" asserts="0">
                  <properties />
                  <test-case id="1014" name="DeclaringItSurvivesUntilCleared" fullname="Ironfront.Net.Unity.Client.Tests.DedicatedServerDeclinesLocalClientTests.DeclaringItSurvivesUntilCleared" methodname="DeclaringItSurvivesUntilCleared" classname="Ironfront.Net.Unity.Client.Tests.DedicatedServerDeclinesLocalClientTests" runstate="Runnable" seed="63160134" result="Passed" start-time="2026-09-06 09:52:29Z" end-time="2026-09-06 09:52:29Z" duration="0.017340" asserts="0">
                    <properties>
                      <property name="retryIteration" value="0" />
                      <property name="repeatIteration" value="0" />
                    </properties>
                    <output><![CDATA[[net] this process is a dedicated server: no local client will be dialled.
]]></output>
                  </test-case>
                  <test-case id="1016" name="DeclaringTheProcessDoesNotClaimTheRole" fullname="Ironfront.Net.Unity.Client.Tests.DedicatedServerDeclinesLocalClientTests.DeclaringTheProcessDoesNotClaimTheRole" methodname="DeclaringTheProcessDoesNotClaimTheRole" classname="Ironfront.Net.Unity.Client.Tests.DedicatedServerDeclinesLocalClientTests" runstate="Runnable" seed="1514007119" result="Passed" start-time="2026-09-06 09:52:29Z" end-time="2026-09-06 09:52:29Z" duration="0.005724" asserts="0">
                    <properties>
                      <property name="retryIteration" value="0" />
                      <property name="repeatIteration" value="0" />
                    </properties>
                    <output><![CDATA[[net] this process is a dedicated server: no local client will be dialled.
]]></output>
                  </test-case>
                  <test-case id="1013" name="TheFlagIsOffUntilSomethingDeclaresIt" fullname="Ironfront.Net.Unity.Client.Tests.DedicatedServerDeclinesLocalClientTests.TheFlagIsOffUntilSomethingDeclaresIt" methodname="TheFlagIsOffUntilSomethingDeclaresIt" classname="Ironfront.Net.Unity.Client.Tests.DedicatedServerDeclinesLocalClientTests" runstate="Runnable" seed="2055292909" result="Passed" start-time="2026-09-06 09:52:29Z" end-time="2026-09-06 09:52:29Z" duration="0.000261" asserts="0">
                    <properties>
                      <property name="retryIteration" value="0" />
                      <property name="repeatIteration" value="0" />
                    </properties>
                  </test-case>
                  <test-case id="1015" name="TheServerROLEDoesNotMakeTheProcessDedicated" fullname="Ironfront.Net.Unity.Client.Tests.DedicatedServerDeclinesLocalClientTests.TheServerROLEDoesNotMakeTheProcessDedicated" methodname="TheServerROLEDoesNotMakeTheProcessDedicated" classname="Ironfront.Net.Unity.Client.Tests.DedicatedServerDeclinesLocalClientTests" runstate="Runnable" seed="248466920" result="Passed" start-time="2026-09-06 09:52:29Z" end-time="2026-09-06 09:52:29Z" duration="0.001196" asserts="0">
                    <properties>
                      <property name="retryIteration" value="0" />
                      <property name="repeatIteration" value="0" />
                    </properties>
                    <output><![CDATA[[net] role = Server
]]></output>
                  </test-case>
                </test-suite>
                <test-suite type="TestFixture" id="1017" name="NetClientSeamTests" fullname="Ironfront.Net.Unity.Client.Tests.NetClientSeamTests" classname="Ironfront.Net.Unity.Client.Tests.NetClientSeamTests" runstate="Runnable" testcasecount="6" result="Passed" start-time="2026-09-06 09:52:29Z" end-time="2026-09-06 09:52:29Z" duration="0.014896" total="6" passed="6" failed="0" inconclusive="0" skipped="0" asserts="0">
                  <properties />
                  <test-case id="1020" name="AbsentRig_IsSafeToCallAndReportsAbsent" fullname="Ironfront.Net.Unity.Client.Tests.NetClientSeamTests.AbsentRig_IsSafeToCallAndReportsAbsent" methodname="AbsentRig_IsSafeToCallAndReportsAbsent" classname="Ironfront.Net.Unity.Client.Tests.NetClientSeamTests" runstate="Runnable" seed="1292233031" result="Passed" start-time="2026-09-06 09:52:29Z" end-time="2026-09-06 09:52:29Z" duration="0.005632" asserts="0">
                    <properties>
                      <property name="retryIteration" value="0" />
                      <property name="repeatIteration" value="0" />
                    </properties>
                  </test-case>
                  <test-case id="1018" name="IsLocalActor_IsDecidedByRoleAndRig" fullname="Ironfront.Net.Unity.Client.Tests.NetClientSeamTests.IsLocalActor_IsDecidedByRoleAndRig" methodname="IsLocalActor_IsDecidedByRoleAndRig" classname="Ironfront.Net.Unity.Client.Tests.NetClientSeamTests" runstate="Runnable" seed="1186458108" result="Passed" start-time="2026-09-06 09:52:29Z" end-time="2026-09-06 09:52:29Z" duration="0.002647" asserts="0">
                    <properties>
                      <property name="retryIteration" value="0" />
                      <property name="repeatIteration" value="0" />
                    </properties>
                    <output><![CDATA[[net] role = Client
[net] role = Offline
]]></output>
                  </test-case>
                  <test-case id="1019" name="IsLocalActor_RejectsADestroyedBody" fullname="Ironfront.Net.Unity.Client.Tests.NetClientSeamTests.IsLocalActor_RejectsADestroyedBody" methodname="IsLocalActor_RejectsADestroyedBody" classname="Ironfront.Net.Unity.Client.Tests.NetClientSeamTests" runstate="Runnable" seed="2055902121" result="Passed" start-time="2026-09-06 09:52:29Z" end-time="2026-09-06 09:52:29Z" duration="0.002789" asserts="0">
                    <properties>
                      <property name="retryIteration" value="0" />
                      <property name="repeatIteration" value="0" />
                    </properties>
                    <output><![CDATA[[net] role = Client
[net] role = Offline
]]></output>
                  </test-case>
                  <test-case id="1023" name="ProjectileCatalog_IsEmptyRatherThanNullWithNoReader" fullname="Ironfront.Net.Unity.Client.Tests.NetClientSeamTests.ProjectileCatalog_IsEmptyRatherThanNullWithNoReader" methodname="ProjectileCatalog_IsEmptyRatherThanNullWithNoReader" classname="Ironfront.Net.Unity.Client.Tests.NetClientSeamTests" runstate="Runnable" seed="1519600781" result="Passed" start-time="2026-09-06 09:52:29Z" end-time="2026-09-06 09:52:29Z" duration="0.000589" asserts="0">
                    <properties>
                      <property name="retryIteration" value="0" />
                      <property name="repeatIteration" value="0" />
                    </properties>
                  </test-case>
                  <test-case id="1021" name="RegisteredRig_IsTheOneHandedBack" fullname="Ironfront.Net.Unity.Client.Tests.NetClientSeamTests.RegisteredRig_IsTheOneHandedBack" methodname="RegisteredRig_IsTheOneHandedBack" classname="Ironfront.Net.Unity.Client.Tests.NetClientSeamTests" runstate="Runnable" seed="1644995912" result="Passed" start-time="2026-09-06 09:52:29Z" end-time="2026-09-06 09:52:29Z" duration="0.000664" asserts="0">
                    <properties>
                      <property name="retryIteration" value="0" />
                      <property name="repeatIteration" value="0" />
                    </properties>
                  </test-case>
                  <test-case id="1022" name="ShowHit_IsSilentWithNoHud" fullname="Ironfront.Net.Unity.Client.Tests.NetClientSeamTests.ShowHit_IsSilentWithNoHud" methodname="ShowHit_IsSilentWithNoHud" classname="Ironfront.Net.Unity.Client.Tests.NetClientSeamTests" runstate="Runnable" seed="997025768" result="Passed" start-time="2026-09-06 09:52:29Z" end-time="2026-09-06 09:52:29Z" duration="0.000539" asserts="0">
                    <properties>
                      <property name="retryIteration" value="0" />
                      <property name="repeatIteration" value="0" />
                    </properties>
                  </test-case>
                </test-suite>
                <test-suite type="TestFixture" id="1024" name="WhichSideAmIOnTests" fullname="Ironfront.Net.Unity.Client.Tests.WhichSideAmIOnTests" classname="Ironfront.Net.Unity.Client.Tests.WhichSideAmIOnTests" runstate="Runnable" testcasecount="8" result="Passed" start-time="2026-09-06 09:52:29Z" end-time="2026-09-06 09:52:29Z" duration="0.014598" total="8" passed="8" failed="0" inconclusive="0" skipped="0" asserts="0">
                  <properties />
                  <test-case id="1025" name="LocalBody_TakesTheTeamTheSnapshotReports" fullname="Ironfront.Net.Unity.Client.Tests.WhichSideAmIOnTests.LocalBody_TakesTheTeamTheSnapshotReports" methodname="LocalBody_TakesTheTeamTheSnapshotReports" classname="Ironfront.Net.Unity.Client.Tests.WhichSideAmIOnTests" runstate="Runnable" seed="725799476" result="Passed" start-time="2026-09-06 09:52:29Z" end-time="2026-09-06 09:52:29Z" duration="0.004699" asserts="0">
                    <properties>
                      <property name="retryIteration" value="0" />
                      <property name="repeatIteration" value="0" />
                    </properties>
                    <output><![CDATA[[net] role = Client
[net] role = Offline
]]></output>
                  </test-case>
                  <test-case id="1030" name="LocalTeamApply_NeverRunsOffline" fullname="Ironfront.Net.Unity.Client.Tests.WhichSideAmIOnTests.LocalTeamApply_NeverRunsOffline" methodname="LocalTeamApply_NeverRunsOffline" classname="Ironfront.Net.Unity.Client.Tests.WhichSideAmIOnTests" runstate="Runnable" seed="2077541125" result="Passed" start-time="2026-09-06 09:52:29Z" end-time="2026-09-06 09:52:29Z" duration="0.000369" asserts="0">
                    <properties>
                      <property name="retryIteration" value="0" />
                      <property name="repeatIteration" value="0" />
                    </properties>
                  </test-case>
                  <test-case id="1029" name="LocalTeamApply_SurvivesTheTeamArrivingBeforeTheBody" fullname="Ironfront.Net.Unity.Client.Tests.WhichSideAmIOnTests.LocalTeamApply_SurvivesTheTeamArrivingBeforeTheBody" methodname="LocalTeamApply_SurvivesTheTeamArrivingBeforeTheBody" classname="Ironfront.Net.Unity.Client.Tests.WhichSideAmIOnTests" runstate="Runnable" seed="2035186508" result="Passed" start-time="2026-09-06 09:52:29Z" end-time="2026-09-06 09:52:29Z" duration="0.001819" asserts="0">
                    <properties>
                      <property name="retryIteration" value="0" />
                      <property name="repeatIteration" value="0" />
                    </properties>
                    <output><![CDATA[[net] role = Client
[net] role = Offline
]]></output>
                  </test-case>
                  <test-case id="1027" name="LocalTeamApply_TreatsTeamZeroAsAnAnswerNotAsAbsence" fullname="Ironfront.Net.Unity.Client.Tests.WhichSideAmIOnTests.LocalTeamApply_TreatsTeamZeroAsAnAnswerNotAsAbsence" methodname="LocalTeamApply_TreatsTeamZeroAsAnAnswerNotAsAbsence" classname="Ironfront.Net.Unity.Client.Tests.WhichSideAmIOnTests" runstate="Runnable" seed="1621607854" result="Passed" start-time="2026-09-06 09:52:29Z" end-time="2026-09-06 09:52:29Z" duration="0.001763" asserts="0">
                    <properties>
                      <property name="retryIteration" value="0" />
                      <property name="repeatIteration" value="0" />
                    </properties>
                    <output><![CDATA[[net] role = Client
[net] role = Offline
]]></output>
                  </test-case>
                  <test-case id="1028" name="LocalTeamApply_WritesNothingBeforeTheTeamArrives" fullname="Ironfront.Net.Unity.Client.Tests.WhichSideAmIOnTests.LocalTeamApply_WritesNothingBeforeTheTeamArrives" methodname="LocalTeamApply_WritesNothingBeforeTheTeamArrives" classname="Ironfront.Net.Unity.Client.Tests.WhichSideAmIOnTests" runstate="Runnable" seed="2050700502" result="Passed" start-time="2026-09-06 09:52:29Z" end-time="2026-09-06 09:52:29Z" duration="0.001850" asserts="0">
                    <properties>
                      <property name="retryIteration" value="0" />
                      <property name="repeatIteration" value="0" />
                    </properties>
                    <output><![CDATA[[net] role = Client
[net] role = Offline
]]></output>
                  </test-case>
                  <test-case id="1026" name="LocalTeamApply_WritesOnceAndThenStops" fullname="Ironfront.Net.Unity.Client.Tests.WhichSideAmIOnTests.LocalTeamApply_WritesOnceAndThenStops" methodname="LocalTeamApply_WritesOnceAndThenStops" classname="Ironfront.Net.Unity.Client.Tests.WhichSideAmIOnTests" runstate="Runnable" seed="1390941596" result="Passed" start-time="2026-09-06 09:52:29Z" end-time="2026-09-06 09:52:29Z" duration="0.001666" asserts="0">
                    <properties>
                      <property name="retryIteration" value="0" />
                      <property name="repeatIteration" value="0" />
                    </properties>
                    <output><![CDATA[[net] role = Client
[net] role = Offline
]]></output>
                  </test-case>
                  <test-case id="1031" name="Minimap_MarksFriendliesAndNotEnemies" fullname="Ironfront.Net.Unity.Client.Tests.WhichSideAmIOnTests.Minimap_MarksFriendliesAndNotEnemies" methodname="Minimap_MarksFriendliesAndNotEnemies" classname="Ironfront.Net.Unity.Client.Tests.WhichSideAmIOnTests" runstate="Runnable" seed="516051162" result="Passed" start-time="2026-09-06 09:52:29Z" end-time="2026-09-06 09:52:29Z" duration="0.000329" asserts="0">
                    <properties>
                      <property name="retryIteration" value="0" />
                      <property name="repeatIteration" value="0" />
                    </properties>
                  </test-case>
                  <test-case id="1032" name="Minimap_MarksNothingWhileEitherTeamIsUnknown" fullname="Ironfront.Net.Unity.Client.Tests.WhichSideAmIOnTests.Minimap_MarksNothingWhileEitherTeamIsUnknown" methodname="Minimap_MarksNothingWhileEitherTeamIsUnknown" classname="Ironfront.Net.Unity.Client.Tests.WhichSideAmIOnTests" runstate="Runnable" seed="121008183" result="Passed" start-time="2026-09-06 09:52:29Z" end-time="2026-09-06 09:52:29Z" duration="0.000363" asserts="0">
                    <properties>
                      <property name="retryIteration" value="0" />
                      <property name="repeatIteration" value="0" />
                    </properties>
                  </test-case>
                </test-suite>
              </test-suite>
            </test-suite>
          </test-suite>
        </test-suite>
      </test-suite>
    </test-suite>
    <test-suite type="Assembly" id="1175" name="Ironfront.Net.Unity.Server.Tests.dll" fullname="D:/Coding/LTM/Ironfront_Reborn/Library/ScriptAssemblies/Ironfront.Net.Unity.Server.Tests.dll" runstate="Runnable" testcasecount="120" result="Passed" start-time="2026-09-06 09:52:29Z" end-time="2026-09-06 09:52:29Z" duration="0.147192" total="120" passed="120" failed="0" inconclusive="0" skipped="0" asserts="0">
      <properties>
        <property name="_PID" value="39848" />
        <property name="_APPDOMAIN" value="Unity Child Domain" />
        <property name="platform" value="EditMode" />
        <property name="EditorOnly" value="True" />
      </properties>
      <test-suite type="TestSuite" id="1176" name="Ironfront" fullname="Ironfront" runstate="Runnable" testcasecount="120" result="Passed" start-time="2026-09-06 09:52:29Z" end-time="2026-09-06 09:52:29Z" duration="0.146932" total="120" passed="120" failed="0" inconclusive="0" skipped="0" asserts="0">
        <properties />
        <test-suite type="TestSuite" id="1177" name="Net" fullname="Ironfront.Net" runstate="Runnable" testcasecount="120" result="Passed" start-time="2026-09-06 09:52:29Z" end-time="2026-09-06 09:52:29Z" duration="0.146823" total="120" passed="120" failed="0" inconclusive="0" skipped="0" asserts="0">
          <properties />
          <test-suite type="TestSuite" id="1178" name="Unity" fullname="Ironfront.Net.Unity" runstate="Runnable" testcasecount="120" result="Passed" start-time="2026-09-06 09:52:29Z" end-time="2026-09-06 09:52:29Z" duration="0.146682" total="120" passed="120" failed="0" inconclusive="0" skipped="0" asserts="0">
            <properties />
            <test-suite type="TestSuite" id="1179" name="Server" fullname="Ironfront.Net.Unity.Server" runstate="Runnable" testcasecount="120" result="Passed" start-time="2026-09-06 09:52:29Z" end-time="2026-09-06 09:52:29Z" duration="0.146568" total="120" passed="120" failed="0" inconclusive="0" skipped="0" asserts="0">
              <properties />
              <test-suite type="TestSuite" id="1180" name="Tests" fullname="Ironfront.Net.Unity.Server.Tests" runstate="Runnable" testcasecount="120" result="Passed" start-time="2026-09-06 09:52:29Z" end-time="2026-09-06 09:52:29Z" duration="0.146332" total="120" passed="120" failed="0" inconclusive="0" skipped="0" asserts="0">
                <properties />
                <test-suite type="TestFixture" id="1039" name="AnnounceableActorTests" fullname="Ironfront.Net.Unity.Server.Tests.AnnounceableActorTests" classname="Ironfront.Net.Unity.Server.Tests.AnnounceableActorTests" runstate="Runnable" testcasecount="4" result="Passed" start-time="2026-09-06 09:52:29Z" end-time="2026-09-06 09:52:29Z" duration="0.006322" total="4" passed="4" failed="0" inconclusive="0" skipped="0" asserts="0">
                  <properties />
                  <test-case id="1042" name="ABotIsAnnouncedThoughItIsNeverClaimed" fullname="Ironfront.Net.Unity.Server.Tests.AnnounceableActorTests.ABotIsAnnouncedThoughItIsNeverClaimed" methodname="ABotIsAnnouncedThoughItIsNeverClaimed" classname="Ironfront.Net.Unity.Server.Tests.AnnounceableActorTests" runstate="Runnable" seed="98600526" result="Passed" start-time="2026-09-06 09:52:29Z" end-time="2026-09-06 09:52:29Z" duration="0.004327" asserts="0">
                    <properties>
                      <property name="retryIteration" value="0" />
                      <property name="repeatIteration" value="0" />
                    </properties>
                  </test-case>
                  <test-case id="1041" name="AClaimedPlayerSlotIsAnnounced" fullname="Ironfront.Net.Unity.Server.Tests.AnnounceableActorTests.AClaimedPlayerSlotIsAnnounced" methodname="AClaimedPlayerSlotIsAnnounced" classname="Ironfront.Net.Unity.Server.Tests.AnnounceableActorTests" runstate="Runnable" seed="1182729674" result="Passed" start-time="2026-09-06 09:52:29Z" end-time="2026-09-06 09:52:29Z" duration="0.000513" asserts="0">
                    <properties>
                      <property name="retryIteration" value="0" />
                      <property name="repeatIteration" value="0" />
                    </properties>
                  </test-case>
                  <test-case id="1043" name="ADestroyedActorIsNotAnnounced" fullname="Ironfront.Net.Unity.Server.Tests.AnnounceableActorTests.ADestroyedActorIsNotAnnounced" methodname="ADestroyedActorIsNotAnnounced" classname="Ironfront.Net.Unity.Server.Tests.AnnounceableActorTests" runstate="Runnable" seed="1342894748" result="Passed" start-time="2026-09-06 09:52:29Z" end-time="2026-09-06 09:52:29Z" duration="0.000161" asserts="0">
                    <properties>
                      <property name="retryIteration" value="0" />
                      <property name="repeatIteration" value="0" />
                    </properties>
                  </test-case>
                  <test-case id="1040" name="AnUnclaimedPlayerSlotIsNotAnnounced" fullname="Ironfront.Net.Unity.Server.Tests.AnnounceableActorTests.AnUnclaimedPlayerSlotIsNotAnnounced" methodname="AnUnclaimedPlayerSlotIsNotAnnounced" classname="Ironfront.Net.Unity.Server.Tests.AnnounceableActorTests" runstate="Runnable" seed="990162208" result="Passed" start-time="2026-09-06 09:52:29Z" end-time="2026-09-06 09:52:29Z" duration="0.000292" asserts="0">
                    <properties>
                      <property name="retryIteration" value="0" />
                      <property name="repeatIteration" value="0" />
                    </properties>
                  </test-case>
                </test-suite>
                <test-suite type="TestFixture" id="1044" name="BuildStampTests" fullname="Ironfront.Net.Unity.Server.Tests.BuildStampTests" classname="Ironfront.Net.Unity.Server.Tests.BuildStampTests" runstate="Runnable" testcasecount="4" result="Passed" start-time="2026-09-06 09:52:29Z" end-time="2026-09-06 09:52:29Z" duration="0.002914" total="4" passed="4" failed="0" inconclusive="0" skipped="0" asserts="0">
                  <properties />
                  <test-case id="1048" name="Describe_NamesTheScriptThatWouldHaveStampedIt" fullname="Ironfront.Net.Unity.Server.Tests.BuildStampTests.Describe_NamesTheScriptThatWouldHaveStampedIt" methodname="Describe_NamesTheScriptThatWouldHaveStampedIt" classname="Ironfront.Net.Unity.Server.Tests.BuildStampTests" runstate="Runnable" seed="997648105" result="Passed" start-time="2026-09-06 09:52:29Z" end-time="2026-09-06 09:52:29Z" duration="0.001115" asserts="0">
                    <properties>
                      <property name="retryIteration" value="0" />
                      <property name="repeatIteration" value="0" />
                    </properties>
                  </test-case>
                  <test-case id="1047" name="DevelopmentAssemblies_DoNotReportAMismatch" fullname="Ironfront.Net.Unity.Server.Tests.BuildStampTests.DevelopmentAssemblies_DoNotReportAMismatch" methodname="DevelopmentAssemblies_DoNotReportAMismatch" classname="Ironfront.Net.Unity.Server.Tests.BuildStampTests" runstate="Runnable" seed="2056503922" result="Passed" start-time="2026-09-06 09:52:29Z" end-time="2026-09-06 09:52:29Z" duration="0.000213" asserts="0">
                    <properties>
                      <property name="retryIteration" value="0" />
                      <property name="repeatIteration" value="0" />
                    </properties>
                  </test-case>
                  <test-case id="1046" name="ServerStamp_IsDevelopment_InACheckout" fullname="Ironfront.Net.Unity.Server.Tests.BuildStampTests.ServerStamp_IsDevelopment_InACheckout" methodname="ServerStamp_IsDevelopment_InACheckout" classname="Ironfront.Net.Unity.Server.Tests.BuildStampTests" runstate="Runnable" seed="1774635461" result="Passed" start-time="2026-09-06 09:52:29Z" end-time="2026-09-06 09:52:29Z" duration="0.000229" asserts="0">
                    <properties>
                      <property name="retryIteration" value="0" />
                      <property name="repeatIteration" value="0" />
                    </properties>
                  </test-case>
                  <test-case id="1045" name="SharedStamp_IsDevelopment_InACheckout" fullname="Ironfront.Net.Unity.Server.Tests.BuildStampTests.SharedStamp_IsDevelopment_InACheckout" methodname="SharedStamp_IsDevelopment_InACheckout" classname="Ironfront.Net.Unity.Server.Tests.BuildStampTests" runstate="Runnable" seed="1673883368" result="Passed" start-time="2026-09-06 09:52:29Z" end-time="2026-09-06 09:52:29Z" duration="0.000215" asserts="0">
                    <properties>
                      <property name="retryIteration" value="0" />
                      <property name="repeatIteration" value="0" />
                    </properties>
                  </test-case>
                </test-suite>
                <test-suite type="TestFixture" id="1049" name="CapturePointSlaveTests" fullname="Ironfront.Net.Unity.Server.Tests.CapturePointSlaveTests" classname="Ironfront.Net.Unity.Server.Tests.CapturePointSlaveTests" runstate="Runnable" testcasecount="7" result="Passed" start-time="2026-09-06 09:52:29Z" end-time="2026-09-06 09:52:29Z" duration="0.013053" total="7" passed="7" failed="0" inconclusive="0" skipped="0" asserts="0">
                  <properties />
                  <test-case id="1051" name="ANeutralPointLeavesSpawnPointOwnerAtMinusOne" fullname="Ironfront.Net.Unity.Server.Tests.CapturePointSlaveTests.ANeutralPointLeavesSpawnPointOwnerAtMinusOne" methodname="ANeutralPointLeavesSpawnPointOwnerAtMinusOne" classname="Ironfront.Net.Unity.Server.Tests.CapturePointSlaveTests" runstate="Runnable" seed="51832765" result="Passed" start-time="2026-09-06 09:52:29Z" end-time="2026-09-06 09:52:29Z" duration="0.001743" asserts="0">
                    <properties>
                      <property name="retryIteration" value="0" />
                      <property name="repeatIteration" value="0" />
                    </properties>
                  </test-case>
                  <test-case id="1055" name="AResetRewindsTheDividerSoANewRoundOpensOnARefresh" fullname="Ironfront.Net.Unity.Server.Tests.CapturePointSlaveTests.AResetRewindsTheDividerSoANewRoundOpensOnARefresh" methodname="AResetRewindsTheDividerSoANewRoundOpensOnARefresh" classname="Ironfront.Net.Unity.Server.Tests.CapturePointSlaveTests" runstate="Runnable" seed="1333302122" result="Passed" start-time="2026-09-06 09:52:29Z" end-time="2026-09-06 09:52:29Z" duration="0.000477" asserts="0">
                    <properties>
                      <property name="retryIteration" value="0" />
                      <property name="repeatIteration" value="0" />
                    </properties>
                  </test-case>
                  <test-case id="1056" name="AShorterDirectoryDoesNotWalkOffTheEnd" fullname="Ironfront.Net.Unity.Server.Tests.CapturePointSlaveTests.AShorterDirectoryDoesNotWalkOffTheEnd" methodname="AShorterDirectoryDoesNotWalkOffTheEnd" classname="Ironfront.Net.Unity.Server.Tests.CapturePointSlaveTests" runstate="Runnable" seed="1570425755" result="Passed" start-time="2026-09-06 09:52:29Z" end-time="2026-09-06 09:52:29Z" duration="0.000564" asserts="0">
                    <properties>
                      <property name="retryIteration" value="0" />
                      <property name="repeatIteration" value="0" />
                    </properties>
                  </test-case>
                  <test-case id="1052" name="ControlIsTheMagnitudeSoTheFlagPoleRisesForEitherTeam" fullname="Ironfront.Net.Unity.Server.Tests.CapturePointSlaveTests.ControlIsTheMagnitudeSoTheFlagPoleRisesForEitherTeam" methodname="ControlIsTheMagnitudeSoTheFlagPoleRisesForEitherTeam" classname="Ironfront.Net.Unity.Server.Tests.CapturePointSlaveTests" runstate="Runnable" seed="2126423931" result="Passed" start-time="2026-09-06 09:52:29Z" end-time="2026-09-06 09:52:29Z" duration="0.005967" asserts="0">
                    <properties>
                      <property name="retryIteration" value="0" />
                      <property name="repeatIteration" value="0" />
                    </properties>
                  </test-case>
                  <test-case id="1053" name="PresenceIsRefreshedOnTheDividerAndOwnershipEveryTick" fullname="Ironfront.Net.Unity.Server.Tests.CapturePointSlaveTests.PresenceIsRefreshedOnTheDividerAndOwnershipEveryTick" methodname="PresenceIsRefreshedOnTheDividerAndOwnershipEveryTick" classname="Ironfront.Net.Unity.Server.Tests.CapturePointSlaveTests" runstate="Runnable" seed="1904736409" result="Passed" start-time="2026-09-06 09:52:29Z" end-time="2026-09-06 09:52:29Z" duration="0.000491" asserts="0">
                    <properties>
                      <property name="retryIteration" value="0" />
                      <property name="repeatIteration" value="0" />
                    </properties>
                  </test-case>
                  <test-case id="1050" name="SpawnPointOwnerMatchesTheAuthorityOnEveryTickIncludingTheFlip" fullname="Ironfront.Net.Unity.Server.Tests.CapturePointSlaveTests.SpawnPointOwnerMatchesTheAuthorityOnEveryTickIncludingTheFlip" methodname="SpawnPointOwnerMatchesTheAuthorityOnEveryTickIncludingTheFlip" classname="Ironfront.Net.Unity.Server.Tests.CapturePointSlaveTests" runstate="Runnable" seed="1263528470" result="Passed" start-time="2026-09-06 09:52:29Z" end-time="2026-09-06 09:52:29Z" duration="0.001808" asserts="0">
                    <properties>
                      <property name="retryIteration" value="0" />
                      <property name="repeatIteration" value="0" />
                    </properties>
                  </test-case>
                  <test-case id="1054" name="TheContestedFlagPersistsBetweenRefreshes" fullname="Ironfront.Net.Unity.Server.Tests.CapturePointSlaveTests.TheContestedFlagPersistsBetweenRefreshes" methodname="TheContestedFlagPersistsBetweenRefreshes" classname="Ironfront.Net.Unity.Server.Tests.CapturePointSlaveTests" runstate="Runnable" seed="1946969192" result="Passed" start-time="2026-09-06 09:52:29Z" end-time="2026-09-06 09:52:29Z" duration="0.000394" asserts="0">
                    <properties>
                      <property name="retryIteration" value="0" />
                      <property name="repeatIteration" value="0" />
                    </properties>
                  </test-case>
                </test-suite>
                <test-suite type="TestFixture" id="1057" name="CollisionBypassTests" fullname="Ironfront.Net.Unity.Server.Tests.CollisionBypassTests" classname="Ironfront.Net.Unity.Server.Tests.CollisionBypassTests" runstate="Runnable" testcasecount="3" result="Passed" start-time="2026-09-06 09:52:29Z" end-time="2026-09-06 09:52:29Z" duration="0.023680" total="3" passed="3" failed="0" inconclusive="0" skipped="0" asserts="0">
                  <properties />
                  <test-case id="1060" name="ABypassedMoveDoesNotLeaveStaleCollisionFlags" fullname="Ironfront.Net.Unity.Server.Tests.CollisionBypassTests.ABypassedMoveDoesNotLeaveStaleCollisionFlags" methodname="ABypassedMoveDoesNotLeaveStaleCollisionFlags" classname="Ironfront.Net.Unity.Server.Tests.CollisionBypassTests" runstate="Runnable" seed="1169850112" result="Passed" start-time="2026-09-06 09:52:29Z" end-time="2026-09-06 09:52:29Z" duration="0.020163" asserts="0">
                    <properties>
                      <property name="retryIteration" value="0" />
                      <property name="repeatIteration" value="0" />
                    </properties>
                    <output><![CDATA[[net] 'body' moved with no collision: its CharacterController is disabled. Motion is being written straight onto the transform, so this body will pass through the world and sink below the server's authoritative position. See ledger X-19. Further occurrences are counted in CollisionBypassedMoves and not logged.
]]></output>
                  </test-case>
                  <test-case id="1059" name="AMoveThroughADisabledControllerIsCountedAndReportedOnce" fullname="Ironfront.Net.Unity.Server.Tests.CollisionBypassTests.AMoveThroughADisabledControllerIsCountedAndReportedOnce" methodname="AMoveThroughADisabledControllerIsCountedAndReportedOnce" classname="Ironfront.Net.Unity.Server.Tests.CollisionBypassTests" runstate="Runnable" seed="2010898137" result="Passed" start-time="2026-09-06 09:52:29Z" end-time="2026-09-06 09:52:29Z" duration="0.001978" asserts="0">
                    <properties>
                      <property name="retryIteration" value="0" />
                      <property name="repeatIteration" value="0" />
                    </properties>
                    <output><![CDATA[[net] 'body' moved with no collision: its CharacterController is disabled. Motion is being written straight onto the transform, so this body will pass through the world and sink below the server's authoritative position. See ledger X-19. Further occurrences are counted in CollisionBypassedMoves and not logged.
]]></output>
                  </test-case>
                  <test-case id="1058" name="AMoveThroughALiveControllerIsNotCountedAsBypassed" fullname="Ironfront.Net.Unity.Server.Tests.CollisionBypassTests.AMoveThroughALiveControllerIsNotCountedAsBypassed" methodname="AMoveThroughALiveControllerIsNotCountedAsBypassed" classname="Ironfront.Net.Unity.Server.Tests.CollisionBypassTests" runstate="Runnable" seed="14985050" result="Passed" start-time="2026-09-06 09:52:29Z" end-time="2026-09-06 09:52:29Z" duration="0.000445" asserts="0">
                    <properties>
                      <property name="retryIteration" value="0" />
                      <property name="repeatIteration" value="0" />
                    </properties>
                  </test-case>
                </test-suite>
                <test-suite type="TestFixture" id="1061" name="DeclaredClientDeclinesLocalServerTests" fullname="Ironfront.Net.Unity.Server.Tests.DeclaredClientDeclinesLocalServerTests" classname="Ironfront.Net.Unity.Server.Tests.DeclaredClientDeclinesLocalServerTests" runstate="Runnable" testcasecount="5" result="Passed" start-time="2026-09-06 09:52:29Z" end-time="2026-09-06 09:52:29Z" duration="0.006269" total="5" passed="5" failed="0" inconclusive="0" skipped="0" asserts="0">
                  <properties />
                  <test-case id="1063" name="DeclaringItSurvivesUntilCleared" fullname="Ironfront.Net.Unity.Server.Tests.DeclaredClientDeclinesLocalServerTests.DeclaringItSurvivesUntilCleared" methodname="DeclaringItSurvivesUntilCleared" classname="Ironfront.Net.Unity.Server.Tests.DeclaredClientDeclinesLocalServerTests" runstate="Runnable" seed="1645265727" result="Passed" start-time="2026-09-06 09:52:29Z" end-time="2026-09-06 09:52:29Z" duration="0.001156" asserts="0">
                    <properties>
                      <property name="retryIteration" value="0" />
                      <property name="repeatIteration" value="0" />
                    </properties>
                    <output><![CDATA[[net] this process is a client: no local server will be started.
]]></output>
                  </test-case>
                  <test-case id="1065" name="DeclaringTheProcessDoesNotClaimTheRole" fullname="Ironfront.Net.Unity.Server.Tests.DeclaredClientDeclinesLocalServerTests.DeclaringTheProcessDoesNotClaimTheRole" methodname="DeclaringTheProcessDoesNotClaimTheRole" classname="Ironfront.Net.Unity.Server.Tests.DeclaredClientDeclinesLocalServerTests" runstate="Runnable" seed="1229790718" result="Passed" start-time="2026-09-06 09:52:29Z" end-time="2026-09-06 09:52:29Z" duration="0.001010" asserts="0">
                    <properties>
                      <property name="retryIteration" value="0" />
                      <property name="repeatIteration" value="0" />
                    </properties>
                    <output><![CDATA[[net] this process is a client: no local server will be started.
]]></output>
                  </test-case>
                  <test-case id="1064" name="TheClientROLEDoesNotMakeTheProcessADeclaredClient" fullname="Ironfront.Net.Unity.Server.Tests.DeclaredClientDeclinesLocalServerTests.TheClientROLEDoesNotMakeTheProcessADeclaredClient" methodname="TheClientROLEDoesNotMakeTheProcessADeclaredClient" classname="Ironfront.Net.Unity.Server.Tests.DeclaredClientDeclinesLocalServerTests" runstate="Runnable" seed="1240179580" result="Passed" start-time="2026-09-06 09:52:29Z" end-time="2026-09-06 09:52:29Z" duration="0.000955" asserts="0">
                    <properties>
                      <property name="retryIteration" value="0" />
                      <property name="repeatIteration" value="0" />
                    </properties>
                    <output><![CDATA[[net] role = Client
]]></output>
                  </test-case>
                  <test-case id="1062" name="TheFlagIsOffUntilSomethingDeclaresIt" fullname="Ironfront.Net.Unity.Server.Tests.DeclaredClientDeclinesLocalServerTests.TheFlagIsOffUntilSomethingDeclaresIt" methodname="TheFlagIsOffUntilSomethingDeclaresIt" classname="Ironfront.Net.Unity.Server.Tests.DeclaredClientDeclinesLocalServerTests" runstate="Runnable" seed="900348779" result="Passed" start-time="2026-09-06 09:52:29Z" end-time="2026-09-06 09:52:29Z" duration="0.000182" asserts="0">
                    <properties>
                      <property name="retryIteration" value="0" />
                      <property name="repeatIteration" value="0" />
                    </properties>
                  </test-case>
                  <test-case id="1066" name="TheTwoProcessDeclarationsAreIndependent" fullname="Ironfront.Net.Unity.Server.Tests.DeclaredClientDeclinesLocalServerTests.TheTwoProcessDeclarationsAreIndependent" methodname="TheTwoProcessDeclarationsAreIndependent" classname="Ironfront.Net.Unity.Server.Tests.DeclaredClientDeclinesLocalServerTests" runstate="Runnable" seed="481450350" result="Passed" start-time="2026-09-06 09:52:29Z" end-time="2026-09-06 09:52:29Z" duration="0.001627" asserts="0">
                    <properties>
                      <property name="retryIteration" value="0" />
                      <property name="repeatIteration" value="0" />
                    </properties>
                    <output><![CDATA[[net] this process is a client: no local server will be started.
[net] this process is a dedicated server: no local client will be dialled.
]]></output>
                  </test-case>
                </test-suite>
                <test-suite type="TestFixture" id="1067" name="GroundSnapTests" fullname="Ironfront.Net.Unity.Server.Tests.GroundSnapTests" classname="Ironfront.Net.Unity.Server.Tests.GroundSnapTests" runstate="Runnable" testcasecount="7" result="Passed" start-time="2026-09-06 09:52:29Z" end-time="2026-09-06 09:52:29Z" duration="0.008034" total="7" passed="7" failed="0" inconclusive="0" skipped="0" asserts="0">
                  <properties />
                  <test-case id="1069" name="APlayerStandingThereIsNotGround" fullname="Ironfront.Net.Unity.Server.Tests.GroundSnapTests.APlayerStandingThereIsNotGround" methodname="APlayerStandingThereIsNotGround" classname="Ironfront.Net.Unity.Server.Tests.GroundSnapTests" runstate="Runnable" seed="1151370276" result="Passed" start-time="2026-09-06 09:52:29Z" end-time="2026-09-06 09:52:29Z" duration="0.003918" asserts="0">
                    <properties>
                      <property name="retryIteration" value="0" />
                      <property name="repeatIteration" value="0" />
                    </properties>
                  </test-case>
                  <test-case id="1071" name="ATriggerVolumeIsNotGround" fullname="Ironfront.Net.Unity.Server.Tests.GroundSnapTests.ATriggerVolumeIsNotGround" methodname="ATriggerVolumeIsNotGround" classname="Ironfront.Net.Unity.Server.Tests.GroundSnapTests" runstate="Runnable" seed="184790181" result="Passed" start-time="2026-09-06 09:52:29Z" end-time="2026-09-06 09:52:29Z" duration="0.000917" asserts="0">
                    <properties>
                      <property name="retryIteration" value="0" />
                      <property name="repeatIteration" value="0" />
                    </properties>
                  </test-case>
                  <test-case id="1072" name="GroundFarBelowIsAMissRatherThanAPlacement" fullname="Ironfront.Net.Unity.Server.Tests.GroundSnapTests.GroundFarBelowIsAMissRatherThanAPlacement" methodname="GroundFarBelowIsAMissRatherThanAPlacement" classname="Ironfront.Net.Unity.Server.Tests.GroundSnapTests" runstate="Runnable" seed="1818464828" result="Passed" start-time="2026-09-06 09:52:29Z" end-time="2026-09-06 09:52:29Z" duration="0.000446" asserts="0">
                    <properties>
                      <property name="retryIteration" value="0" />
                      <property name="repeatIteration" value="0" />
                    </properties>
                  </test-case>
                  <test-case id="1074" name="GroundInsideTheWindowStillSnaps" fullname="Ironfront.Net.Unity.Server.Tests.GroundSnapTests.GroundInsideTheWindowStillSnaps" methodname="GroundInsideTheWindowStillSnaps" classname="Ironfront.Net.Unity.Server.Tests.GroundSnapTests" runstate="Runnable" seed="426562185" result="Passed" start-time="2026-09-06 09:52:29Z" end-time="2026-09-06 09:52:29Z" duration="0.000374" asserts="0">
                    <properties>
                      <property name="retryIteration" value="0" />
                      <property name="repeatIteration" value="0" />
                    </properties>
                  </test-case>
                  <test-case id="1073" name="NothingUnderneathIsAMiss" fullname="Ironfront.Net.Unity.Server.Tests.GroundSnapTests.NothingUnderneathIsAMiss" methodname="NothingUnderneathIsAMiss" classname="Ironfront.Net.Unity.Server.Tests.GroundSnapTests" runstate="Runnable" seed="1917112211" result="Passed" start-time="2026-09-06 09:52:29Z" end-time="2026-09-06 09:52:29Z" duration="0.000298" asserts="0">
                    <properties>
                      <property name="retryIteration" value="0" />
                      <property name="repeatIteration" value="0" />
                    </properties>
                  </test-case>
                  <test-case id="1068" name="SnapsToGroundUnderThePoint" fullname="Ironfront.Net.Unity.Server.Tests.GroundSnapTests.SnapsToGroundUnderThePoint" methodname="SnapsToGroundUnderThePoint" classname="Ironfront.Net.Unity.Server.Tests.GroundSnapTests" runstate="Runnable" seed="1329973568" result="Passed" start-time="2026-09-06 09:52:29Z" end-time="2026-09-06 09:52:29Z" duration="0.000372" asserts="0">
                    <properties>
                      <property name="retryIteration" value="0" />
                      <property name="repeatIteration" value="0" />
                    </properties>
                  </test-case>
                  <test-case id="1070" name="WaterIsNotGround" fullname="Ironfront.Net.Unity.Server.Tests.GroundSnapTests.WaterIsNotGround" methodname="WaterIsNotGround" classname="Ironfront.Net.Unity.Server.Tests.GroundSnapTests" runstate="Runnable" seed="23465699" result="Passed" start-time="2026-09-06 09:52:29Z" end-time="2026-09-06 09:52:29Z" duration="0.000416" asserts="0">
                    <properties>
                      <property name="retryIteration" value="0" />
                      <property name="repeatIteration" value="0" />
                    </properties>
                  </test-case>
                </test-suite>
                <test-suite type="TestFixture" id="1075" name="LoadoutPinTests" fullname="Ironfront.Net.Unity.Server.Tests.LoadoutPinTests" classname="Ironfront.Net.Unity.Server.Tests.LoadoutPinTests" runstate="Runnable" testcasecount="10" result="Passed" start-time="2026-09-06 09:52:29Z" end-time="2026-09-06 09:52:29Z" duration="0.004613" total="10" passed="10" failed="0" inconclusive="0" skipped="0" asserts="0">
                  <properties />
                  <test-suite type="ParameterizedMethod" id="1082" name="ABlankNameDefersRatherThanArmingNothing" fullname="Ironfront.Net.Unity.Server.Tests.LoadoutPinTests.ABlankNameDefersRatherThanArmingNothing" classname="Ironfront.Net.Unity.Server.Tests.LoadoutPinTests" runstate="Runnable" testcasecount="3" result="Passed" start-time="2026-09-06 09:52:29Z" end-time="2026-09-06 09:52:29Z" duration="0.001083" total="3" passed="3" failed="0" inconclusive="0" skipped="0" asserts="0">
                    <properties />
                    <test-case id="1079" name="ABlankNameDefersRatherThanArmingNothing(&quot;&quot;)" fullname="Ironfront.Net.Unity.Server.Tests.LoadoutPinTests.ABlankNameDefersRatherThanArmingNothing(&quot;&quot;)" methodname="ABlankNameDefersRatherThanArmingNothing" classname="Ironfront.Net.Unity.Server.Tests.LoadoutPinTests" runstate="Runnable" seed="1028440317" result="Passed" start-time="2026-09-06 09:52:29Z" end-time="2026-09-06 09:52:29Z" duration="0.000446" asserts="0">
                      <properties>
                        <property name="retryIteration" value="0" />
                        <property name="repeatIteration" value="0" />
                      </properties>
                    </test-case>
                    <test-case id="1080" name="ABlankNameDefersRatherThanArmingNothing(&quot;   &quot;)" fullname="Ironfront.Net.Unity.Server.Tests.LoadoutPinTests.ABlankNameDefersRatherThanArmingNothing(&quot;   &quot;)" methodname="ABlankNameDefersRatherThanArmingNothing" classname="Ironfront.Net.Unity.Server.Tests.LoadoutPinTests" runstate="Runnable" seed="264752710" result="Passed" start-time="2026-09-06 09:52:29Z" end-time="2026-09-06 09:52:29Z" duration="0.000057" asserts="0">
                      <properties>
                        <property name="retryIteration" value="0" />
                        <property name="repeatIteration" value="0" />
                      </properties>
                    </test-case>
                    <test-case id="1081" name="ABlankNameDefersRatherThanArmingNothing(null)" fullname="Ironfront.Net.Unity.Server.Tests.LoadoutPinTests.ABlankNameDefersRatherThanArmingNothing(null)" methodname="ABlankNameDefersRatherThanArmingNothing" classname="Ironfront.Net.Unity.Server.Tests.LoadoutPinTests" runstate="Runnable" seed="1945345908" result="Passed" start-time="2026-09-06 09:52:29Z" end-time="2026-09-06 09:52:29Z" duration="0.000049" asserts="0">
                      <properties>
                        <property name="retryIteration" value="0" />
                        <property name="repeatIteration" value="0" />
                      </properties>
                    </test-case>
                  </test-suite>
                  <test-case id="1084" name="ADirectoryThatPinsNothingIsRejected" fullname="Ironfront.Net.Unity.Server.Tests.LoadoutPinTests.ADirectoryThatPinsNothingIsRejected" methodname="ADirectoryThatPinsNothingIsRejected" classname="Ironfront.Net.Unity.Server.Tests.LoadoutPinTests" runstate="Runnable" seed="723062027" result="Passed" start-time="2026-09-06 09:52:29Z" end-time="2026-09-06 09:52:29Z" duration="0.001030" asserts="0">
                    <properties>
                      <property name="retryIteration" value="0" />
                      <property name="repeatIteration" value="0" />
                    </properties>
                  </test-case>
                  <test-case id="1083" name="ANameIsTrimmed" fullname="Ironfront.Net.Unity.Server.Tests.LoadoutPinTests.ANameIsTrimmed" methodname="ANameIsTrimmed" classname="Ironfront.Net.Unity.Server.Tests.LoadoutPinTests" runstate="Runnable" seed="1262219019" result="Passed" start-time="2026-09-06 09:52:29Z" end-time="2026-09-06 09:52:29Z" duration="0.000247" asserts="0">
                    <properties>
                      <property name="retryIteration" value="0" />
                      <property name="repeatIteration" value="0" />
                    </properties>
                  </test-case>
                  <test-case id="1085" name="AnUnknownSlotDefers" fullname="Ironfront.Net.Unity.Server.Tests.LoadoutPinTests.AnUnknownSlotDefers" methodname="AnUnknownSlotDefers" classname="Ironfront.Net.Unity.Server.Tests.LoadoutPinTests" runstate="Runnable" seed="837682114" result="Passed" start-time="2026-09-06 09:52:29Z" end-time="2026-09-06 09:52:29Z" duration="0.000124" asserts="0">
                    <properties>
                      <property name="retryIteration" value="0" />
                      <property name="repeatIteration" value="0" />
                    </properties>
                  </test-case>
                  <test-case id="1077" name="AnUnpinnedSlotDefersToTheDraw" fullname="Ironfront.Net.Unity.Server.Tests.LoadoutPinTests.AnUnpinnedSlotDefersToTheDraw" methodname="AnUnpinnedSlotDefersToTheDraw" classname="Ironfront.Net.Unity.Server.Tests.LoadoutPinTests" runstate="Runnable" seed="216465747" result="Passed" start-time="2026-09-06 09:52:29Z" end-time="2026-09-06 09:52:29Z" duration="0.000117" asserts="0">
                    <properties>
                      <property name="retryIteration" value="0" />
                      <property name="repeatIteration" value="0" />
                    </properties>
                  </test-case>
                  <test-case id="1076" name="APinnedSlotReturnsItsName" fullname="Ironfront.Net.Unity.Server.Tests.LoadoutPinTests.APinnedSlotReturnsItsName" methodname="APinnedSlotReturnsItsName" classname="Ironfront.Net.Unity.Server.Tests.LoadoutPinTests" runstate="Runnable" seed="255104519" result="Passed" start-time="2026-09-06 09:52:29Z" end-time="2026-09-06 09:52:29Z" duration="0.000114" asserts="0">
                    <properties>
                      <property name="retryIteration" value="0" />
                      <property name="repeatIteration" value="0" />
                    </properties>
                  </test-case>
                  <test-case id="1086" name="ClearRemovesAnInstalledDirectory" fullname="Ironfront.Net.Unity.Server.Tests.LoadoutPinTests.ClearRemovesAnInstalledDirectory" methodname="ClearRemovesAnInstalledDirectory" classname="Ironfront.Net.Unity.Server.Tests.LoadoutPinTests" runstate="Runnable" seed="993141616" result="Passed" start-time="2026-09-06 09:52:29Z" end-time="2026-09-06 09:52:29Z" duration="0.000266" asserts="0">
                    <properties>
                      <property name="retryIteration" value="0" />
                      <property name="repeatIteration" value="0" />
                    </properties>
                  </test-case>
                  <test-case id="1078" name="EachSlotAnswersWithItsOwnName" fullname="Ironfront.Net.Unity.Server.Tests.LoadoutPinTests.EachSlotAnswersWithItsOwnName" methodname="EachSlotAnswersWithItsOwnName" classname="Ironfront.Net.Unity.Server.Tests.LoadoutPinTests" runstate="Runnable" seed="1079944851" result="Passed" start-time="2026-09-06 09:52:29Z" end-time="2026-09-06 09:52:29Z" duration="0.000148" asserts="0">
                    <properties>
                      <property name="retryIteration" value="0" />
                      <property name="repeatIteration" value="0" />
                    </properties>
                  </test-case>
                </test-suite>
                <test-suite type="TestFixture" id="1087" name="MountedWeaponSeamTests" fullname="Ironfront.Net.Unity.Server.Tests.MountedWeaponSeamTests" classname="Ironfront.Net.Unity.Server.Tests.MountedWeaponSeamTests" runstate="Runnable" testcasecount="11" result="Passed" start-time="2026-09-06 09:52:29Z" end-time="2026-09-06 09:52:29Z" duration="0.013761" total="11" passed="11" failed="0" inconclusive="0" skipped="0" asserts="0">
                  <properties />
                  <test-case id="1090" name="AClientCannotFireARemoteActorsMountedWeapon" fullname="Ironfront.Net.Unity.Server.Tests.MountedWeaponSeamTests.AClientCannotFireARemoteActorsMountedWeapon" methodname="AClientCannotFireARemoteActorsMountedWeapon" classname="Ironfront.Net.Unity.Server.Tests.MountedWeaponSeamTests" runstate="Runnable" seed="100703499" result="Passed" start-time="2026-09-06 09:52:29Z" end-time="2026-09-06 09:52:29Z" duration="0.001267" asserts="0">
                    <properties>
                      <property name="retryIteration" value="0" />
                      <property name="repeatIteration" value="0" />
                    </properties>
                    <output><![CDATA[[net] role = Client
]]></output>
                  </test-case>
                  <test-case id="1091" name="AClientRunsNoGameplayHalf" fullname="Ironfront.Net.Unity.Server.Tests.MountedWeaponSeamTests.AClientRunsNoGameplayHalf" methodname="AClientRunsNoGameplayHalf" classname="Ironfront.Net.Unity.Server.Tests.MountedWeaponSeamTests" runstate="Runnable" seed="71795349" result="Passed" start-time="2026-09-06 09:52:29Z" end-time="2026-09-06 09:52:29Z" duration="0.000934" asserts="0">
                    <properties>
                      <property name="retryIteration" value="0" />
                      <property name="repeatIteration" value="0" />
                    </properties>
                    <output><![CDATA[[net] role = Client
]]></output>
                  </test-case>
                  <test-case id="1095" name="ADeclarationDoesNotReArmAHalfEmptyGun" fullname="Ironfront.Net.Unity.Server.Tests.MountedWeaponSeamTests.ADeclarationDoesNotReArmAHalfEmptyGun" methodname="ADeclarationDoesNotReArmAHalfEmptyGun" classname="Ironfront.Net.Unity.Server.Tests.MountedWeaponSeamTests" runstate="Runnable" seed="955518418" result="Passed" start-time="2026-09-06 09:52:29Z" end-time="2026-09-06 09:52:29Z" duration="0.003473" asserts="0">
                    <properties>
                      <property name="retryIteration" value="0" />
                      <property name="repeatIteration" value="0" />
                    </properties>
                    <output><![CDATA[[net] role = Server
]]></output>
                  </test-case>
                  <test-case id="1097" name="AnUndeclaredTurretFallsBackToLocalAim" fullname="Ironfront.Net.Unity.Server.Tests.MountedWeaponSeamTests.AnUndeclaredTurretFallsBackToLocalAim" methodname="AnUndeclaredTurretFallsBackToLocalAim" classname="Ironfront.Net.Unity.Server.Tests.MountedWeaponSeamTests" runstate="Runnable" seed="1257514688" result="Passed" start-time="2026-09-06 09:52:29Z" end-time="2026-09-06 09:52:29Z" duration="0.001354" asserts="0">
                    <properties>
                      <property name="retryIteration" value="0" />
                      <property name="repeatIteration" value="0" />
                    </properties>
                    <output><![CDATA[[net] role = Server
]]></output>
                  </test-case>
                  <test-case id="1092" name="AServerRunsNoCosmeticHalf" fullname="Ironfront.Net.Unity.Server.Tests.MountedWeaponSeamTests.AServerRunsNoCosmeticHalf" methodname="AServerRunsNoCosmeticHalf" classname="Ironfront.Net.Unity.Server.Tests.MountedWeaponSeamTests" runstate="Runnable" seed="1587043293" result="Passed" start-time="2026-09-06 09:52:29Z" end-time="2026-09-06 09:52:29Z" duration="0.000877" asserts="0">
                    <properties>
                      <property name="retryIteration" value="0" />
                      <property name="repeatIteration" value="0" />
                    </properties>
                    <output><![CDATA[[net] role = Server
]]></output>
                  </test-case>
                  <test-case id="1094" name="AServerSpendsAndRefusesThroughTheRegistry" fullname="Ironfront.Net.Unity.Server.Tests.MountedWeaponSeamTests.AServerSpendsAndRefusesThroughTheRegistry" methodname="AServerSpendsAndRefusesThroughTheRegistry" classname="Ironfront.Net.Unity.Server.Tests.MountedWeaponSeamTests" runstate="Runnable" seed="632690748" result="Passed" start-time="2026-09-06 09:52:29Z" end-time="2026-09-06 09:52:29Z" duration="0.001207" asserts="0">
                    <properties>
                      <property name="retryIteration" value="0" />
                      <property name="repeatIteration" value="0" />
                    </properties>
                    <output><![CDATA[[net] role = Server
]]></output>
                  </test-case>
                  <test-case id="1096" name="AServerTurretResolvesToItsAuthoritativePose" fullname="Ironfront.Net.Unity.Server.Tests.MountedWeaponSeamTests.AServerTurretResolvesToItsAuthoritativePose" methodname="AServerTurretResolvesToItsAuthoritativePose" classname="Ironfront.Net.Unity.Server.Tests.MountedWeaponSeamTests" runstate="Runnable" seed="893814167" result="Passed" start-time="2026-09-06 09:52:29Z" end-time="2026-09-06 09:52:29Z" duration="0.001424" asserts="0">
                    <properties>
                      <property name="retryIteration" value="0" />
                      <property name="repeatIteration" value="0" />
                    </properties>
                    <output><![CDATA[[net] role = Server
]]></output>
                  </test-case>
                  <test-case id="1093" name="AServerWithNoDirectoryDoesNotJamTheGun" fullname="Ironfront.Net.Unity.Server.Tests.MountedWeaponSeamTests.AServerWithNoDirectoryDoesNotJamTheGun" methodname="AServerWithNoDirectoryDoesNotJamTheGun" classname="Ironfront.Net.Unity.Server.Tests.MountedWeaponSeamTests" runstate="Runnable" seed="150691199" result="Passed" start-time="2026-09-06 09:52:29Z" end-time="2026-09-06 09:52:29Z" duration="0.000803" asserts="0">
                    <properties>
                      <property name="retryIteration" value="0" />
                      <property name="repeatIteration" value="0" />
                    </properties>
                    <output><![CDATA[[net] role = Server
]]></output>
                  </test-case>
                  <test-case id="1088" name="OfflineMountedWeaponBehaviourIsUnchanged" fullname="Ironfront.Net.Unity.Server.Tests.MountedWeaponSeamTests.OfflineMountedWeaponBehaviourIsUnchanged" methodname="OfflineMountedWeaponBehaviourIsUnchanged" classname="Ironfront.Net.Unity.Server.Tests.MountedWeaponSeamTests" runstate="Runnable" seed="838275442" result="Passed" start-time="2026-09-06 09:52:29Z" end-time="2026-09-06 09:52:29Z" duration="0.000249" asserts="0">
                    <properties>
                      <property name="retryIteration" value="0" />
                      <property name="repeatIteration" value="0" />
                    </properties>
                  </test-case>
                  <test-case id="1089" name="OfflineTurretAimIsAlwaysLocal" fullname="Ironfront.Net.Unity.Server.Tests.MountedWeaponSeamTests.OfflineTurretAimIsAlwaysLocal" methodname="OfflineTurretAimIsAlwaysLocal" classname="Ironfront.Net.Unity.Server.Tests.MountedWeaponSeamTests" runstate="Runnable" seed="891423452" result="Passed" start-time="2026-09-06 09:52:29Z" end-time="2026-09-06 09:52:29Z" duration="0.000200" asserts="0">
                    <properties>
                      <property name="retryIteration" value="0" />
                      <property name="repeatIteration" value="0" />
                    </properties>
                  </test-case>
                  <test-case id="1098" name="TheLocalAimSurvivesUntilTheSeatIsLeft" fullname="Ironfront.Net.Unity.Server.Tests.MountedWeaponSeamTests.TheLocalAimSurvivesUntilTheSeatIsLeft" methodname="TheLocalAimSurvivesUntilTheSeatIsLeft" classname="Ironfront.Net.Unity.Server.Tests.MountedWeaponSeamTests" runstate="Runnable" seed="1439324499" result="Passed" start-time="2026-09-06 09:52:29Z" end-time="2026-09-06 09:52:29Z" duration="0.000288" asserts="0">
                    <properties>
                      <property name="retryIteration" value="0" />
                      <property name="repeatIteration" value="0" />
                    </properties>
                  </test-case>
                </test-suite>
                <test-suite type="TestFixture" id="1099" name="NetServerActorRagdollFlagTests" fullname="Ironfront.Net.Unity.Server.Tests.NetServerActorRagdollFlagTests" classname="Ironfront.Net.Unity.Server.Tests.NetServerActorRagdollFlagTests" runstate="Runnable" testcasecount="2" result="Passed" start-time="2026-09-06 09:52:29Z" end-time="2026-09-06 09:52:29Z" duration="0.002130" total="2" passed="2" failed="0" inconclusive="0" skipped="0" asserts="0">
                  <properties />
                  <test-case id="1100" name="ADeadActorsSnapshotSetsTheRagdollBit" fullname="Ironfront.Net.Unity.Server.Tests.NetServerActorRagdollFlagTests.ADeadActorsSnapshotSetsTheRagdollBit" methodname="ADeadActorsSnapshotSetsTheRagdollBit" classname="Ironfront.Net.Unity.Server.Tests.NetServerActorRagdollFlagTests" runstate="Runnable" seed="964607009" result="Passed" start-time="2026-09-06 09:52:29Z" end-time="2026-09-06 09:52:29Z" duration="0.001088" asserts="0">
                    <properties>
                      <property name="retryIteration" value="0" />
                      <property name="repeatIteration" value="0" />
                    </properties>
                  </test-case>
                  <test-case id="1101" name="ALiveStandingActorsSnapshotClearsTheRagdollBit" fullname="Ironfront.Net.Unity.Server.Tests.NetServerActorRagdollFlagTests.ALiveStandingActorsSnapshotClearsTheRagdollBit" methodname="ALiveStandingActorsSnapshotClearsTheRagdollBit" classname="Ironfront.Net.Unity.Server.Tests.NetServerActorRagdollFlagTests" runstate="Runnable" seed="493766617" result="Passed" start-time="2026-09-06 09:52:29Z" end-time="2026-09-06 09:52:29Z" duration="0.000307" asserts="0">
                    <properties>
                      <property name="retryIteration" value="0" />
                      <property name="repeatIteration" value="0" />
                    </properties>
                  </test-case>
                </test-suite>
                <test-suite type="TestFixture" id="1102" name="NetServerActorSeamTests" fullname="Ironfront.Net.Unity.Server.Tests.NetServerActorSeamTests" classname="Ironfront.Net.Unity.Server.Tests.NetServerActorSeamTests" runstate="Runnable" testcasecount="10" result="Passed" start-time="2026-09-06 09:52:29Z" end-time="2026-09-06 09:52:29Z" duration="0.008253" total="10" passed="10" failed="0" inconclusive="0" skipped="0" asserts="0">
                  <properties />
                  <test-case id="1108" name="ADestroyedGameplayActorFallsBackToTheLocalFields" fullname="Ironfront.Net.Unity.Server.Tests.NetServerActorSeamTests.ADestroyedGameplayActorFallsBackToTheLocalFields" methodname="ADestroyedGameplayActorFallsBackToTheLocalFields" classname="Ironfront.Net.Unity.Server.Tests.NetServerActorSeamTests" runstate="Runnable" seed="54710899" result="Passed" start-time="2026-09-06 09:52:29Z" end-time="2026-09-06 09:52:29Z" duration="0.000957" asserts="0">
                    <properties>
                      <property name="retryIteration" value="0" />
                      <property name="repeatIteration" value="0" />
                    </properties>
                  </test-case>
                  <test-case id="1110" name="AFrameThatSelectsNothingNeverReachesTheSeam" fullname="Ironfront.Net.Unity.Server.Tests.NetServerActorSeamTests.AFrameThatSelectsNothingNeverReachesTheSeam" methodname="AFrameThatSelectsNothingNeverReachesTheSeam" classname="Ironfront.Net.Unity.Server.Tests.NetServerActorSeamTests" runstate="Runnable" seed="940616761" result="Passed" start-time="2026-09-06 09:52:29Z" end-time="2026-09-06 09:52:29Z" duration="0.000977" asserts="0">
                    <properties>
                      <property name="retryIteration" value="0" />
                      <property name="repeatIteration" value="0" />
                    </properties>
                  </test-case>
                  <test-case id="1109" name="AHeldWeaponSwitchReachesTheSeamOnceAndAReleaseReArmsIt" fullname="Ironfront.Net.Unity.Server.Tests.NetServerActorSeamTests.AHeldWeaponSwitchReachesTheSeamOnceAndAReleaseReArmsIt" methodname="AHeldWeaponSwitchReachesTheSeamOnceAndAReleaseReArmsIt" classname="Ironfront.Net.Unity.Server.Tests.NetServerActorSeamTests" runstate="Runnable" seed="877141369" result="Passed" start-time="2026-09-06 09:52:29Z" end-time="2026-09-06 09:52:29Z" duration="0.001476" asserts="0">
                    <properties>
                      <property name="retryIteration" value="0" />
                      <property name="repeatIteration" value="0" />
                    </properties>
                  </test-case>
                  <test-case id="1112" name="FiringTheCarriedWeaponOfABodyHoldingNothingReportsFalse" fullname="Ironfront.Net.Unity.Server.Tests.NetServerActorSeamTests.FiringTheCarriedWeaponOfABodyHoldingNothingReportsFalse" methodname="FiringTheCarriedWeaponOfABodyHoldingNothingReportsFalse" classname="Ironfront.Net.Unity.Server.Tests.NetServerActorSeamTests" runstate="Runnable" seed="1964533212" result="Passed" start-time="2026-09-06 09:52:29Z" end-time="2026-09-06 09:52:29Z" duration="0.000566" asserts="0">
                    <properties>
                      <property name="retryIteration" value="0" />
                      <property name="repeatIteration" value="0" />
                    </properties>
                  </test-case>
                  <test-case id="1111" name="FiringTheCarriedWeaponReachesTheGameplaySeamWithTheShotsOwnDirection" fullname="Ironfront.Net.Unity.Server.Tests.NetServerActorSeamTests.FiringTheCarriedWeaponReachesTheGameplaySeamWithTheShotsOwnDirection" methodname="FiringTheCarriedWeaponReachesTheGameplaySeamWithTheShotsOwnDirection" classname="Ironfront.Net.Unity.Server.Tests.NetServerActorSeamTests" runstate="Runnable" seed="2035912974" result="Passed" start-time="2026-09-06 09:52:29Z" end-time="2026-09-06 09:52:29Z" duration="0.000670" asserts="0">
                    <properties>
                      <property name="retryIteration" value="0" />
                      <property name="repeatIteration" value="0" />
                    </properties>
                  </test-case>
                  <test-case id="1106" name="HealthReadsAndWritesTheGameplayActorRatherThanACopy" fullname="Ironfront.Net.Unity.Server.Tests.NetServerActorSeamTests.HealthReadsAndWritesTheGameplayActorRatherThanACopy" methodname="HealthReadsAndWritesTheGameplayActorRatherThanACopy" classname="Ironfront.Net.Unity.Server.Tests.NetServerActorSeamTests" runstate="Runnable" seed="1944503357" result="Passed" start-time="2026-09-06 09:52:29Z" end-time="2026-09-06 09:52:29Z" duration="0.000433" asserts="0">
                    <properties>
                      <property name="retryIteration" value="0" />
                      <property name="repeatIteration" value="0" />
                    </properties>
                  </test-case>
                  <test-case id="1107" name="IsAliveIsTheInverseOfTheGameplayDeadFlag" fullname="Ironfront.Net.Unity.Server.Tests.NetServerActorSeamTests.IsAliveIsTheInverseOfTheGameplayDeadFlag" methodname="IsAliveIsTheInverseOfTheGameplayDeadFlag" classname="Ironfront.Net.Unity.Server.Tests.NetServerActorSeamTests" runstate="Runnable" seed="1682129751" result="Passed" start-time="2026-09-06 09:52:29Z" end-time="2026-09-06 09:52:29Z" duration="0.000438" asserts="0">
                    <properties>
                      <property name="retryIteration" value="0" />
                      <property name="repeatIteration" value="0" />
                    </properties>
                  </test-case>
                  <test-case id="1105" name="WeaponIdFallsBackForAReplicatedObjectThatIsNotAnActor" fullname="Ironfront.Net.Unity.Server.Tests.NetServerActorSeamTests.WeaponIdFallsBackForAReplicatedObjectThatIsNotAnActor" methodname="WeaponIdFallsBackForAReplicatedObjectThatIsNotAnActor" classname="Ironfront.Net.Unity.Server.Tests.NetServerActorSeamTests" runstate="Runnable" seed="545535853" result="Passed" start-time="2026-09-06 09:52:29Z" end-time="2026-09-06 09:52:29Z" duration="0.000369" asserts="0">
                    <properties>
                      <property name="retryIteration" value="0" />
                      <property name="repeatIteration" value="0" />
                    </properties>
                  </test-case>
                  <test-case id="1104" name="WeaponIdFallsBackToTheSerializedIdWhenNothingIsHeld" fullname="Ironfront.Net.Unity.Server.Tests.NetServerActorSeamTests.WeaponIdFallsBackToTheSerializedIdWhenNothingIsHeld" methodname="WeaponIdFallsBackToTheSerializedIdWhenNothingIsHeld" classname="Ironfront.Net.Unity.Server.Tests.NetServerActorSeamTests" runstate="Runnable" seed="1405994137" result="Passed" start-time="2026-09-06 09:52:29Z" end-time="2026-09-06 09:52:29Z" duration="0.000335" asserts="0">
                    <properties>
                      <property name="retryIteration" value="0" />
                      <property name="repeatIteration" value="0" />
                    </properties>
                  </test-case>
                  <test-case id="1103" name="WeaponIdIsTheIdOfTheWeaponTheActorIsHolding" fullname="Ironfront.Net.Unity.Server.Tests.NetServerActorSeamTests.WeaponIdIsTheIdOfTheWeaponTheActorIsHolding" methodname="WeaponIdIsTheIdOfTheWeaponTheActorIsHolding" classname="Ironfront.Net.Unity.Server.Tests.NetServerActorSeamTests" runstate="Runnable" seed="1566169931" result="Passed" start-time="2026-09-06 09:52:29Z" end-time="2026-09-06 09:52:29Z" duration="0.000272" asserts="0">
                    <properties>
                      <property name="retryIteration" value="0" />
                      <property name="repeatIteration" value="0" />
                    </properties>
                  </test-case>
                </test-suite>
                <test-suite type="TestFixture" id="1113" name="OcclusionDescriptionTests" fullname="Ironfront.Net.Unity.Server.Tests.OcclusionDescriptionTests" classname="Ironfront.Net.Unity.Server.Tests.OcclusionDescriptionTests" runstate="Runnable" testcasecount="10" result="Passed" start-time="2026-09-06 09:52:29Z" end-time="2026-09-06 09:52:29Z" duration="0.003463" total="10" passed="10" failed="0" inconclusive="0" skipped="0" asserts="0">
                  <properties />
                  <test-case id="1122" name="ACounterThatWentBackwardsIsNotTreatedAsFresh" fullname="Ironfront.Net.Unity.Server.Tests.OcclusionDescriptionTests.ACounterThatWentBackwardsIsNotTreatedAsFresh" methodname="ACounterThatWentBackwardsIsNotTreatedAsFresh" classname="Ironfront.Net.Unity.Server.Tests.OcclusionDescriptionTests" runstate="Runnable" seed="2076893725" result="Passed" start-time="2026-09-06 09:52:29Z" end-time="2026-09-06 09:52:29Z" duration="0.000212" asserts="0">
                    <properties>
                      <property name="retryIteration" value="0" />
                      <property name="repeatIteration" value="0" />
                    </properties>
                  </test-case>
                  <test-case id="1115" name="AHitAtTheEndpointPrintsAFractionNearOne" fullname="Ironfront.Net.Unity.Server.Tests.OcclusionDescriptionTests.AHitAtTheEndpointPrintsAFractionNearOne" methodname="AHitAtTheEndpointPrintsAFractionNearOne" classname="Ironfront.Net.Unity.Server.Tests.OcclusionDescriptionTests" runstate="Runnable" seed="636231350" result="Passed" start-time="2026-09-06 09:52:29Z" end-time="2026-09-06 09:52:29Z" duration="0.000368" asserts="0">
                    <properties>
                      <property name="retryIteration" value="0" />
                      <property name="repeatIteration" value="0" />
                    </properties>
                  </test-case>
                  <test-case id="1114" name="AMidRayHitPrintsAFractionWellBelowOne" fullname="Ironfront.Net.Unity.Server.Tests.OcclusionDescriptionTests.AMidRayHitPrintsAFractionWellBelowOne" methodname="AMidRayHitPrintsAFractionWellBelowOne" classname="Ironfront.Net.Unity.Server.Tests.OcclusionDescriptionTests" runstate="Runnable" seed="1793377138" result="Passed" start-time="2026-09-06 09:52:29Z" end-time="2026-09-06 09:52:29Z" duration="0.000184" asserts="0">
                    <properties>
                      <property name="retryIteration" value="0" />
                      <property name="repeatIteration" value="0" />
                    </properties>
                  </test-case>
                  <test-case id="1118" name="AnUnnamedColliderIsNamedRatherThanLeftBlank" fullname="Ironfront.Net.Unity.Server.Tests.OcclusionDescriptionTests.AnUnnamedColliderIsNamedRatherThanLeftBlank" methodname="AnUnnamedColliderIsNamedRatherThanLeftBlank" classname="Ironfront.Net.Unity.Server.Tests.OcclusionDescriptionTests" runstate="Runnable" seed="1318694139" result="Passed" start-time="2026-09-06 09:52:29Z" end-time="2026-09-06 09:52:29Z" duration="0.000171" asserts="0">
                    <properties>
                      <property name="retryIteration" value="0" />
                      <property name="repeatIteration" value="0" />
                    </properties>
                  </test-case>
                  <test-case id="1119" name="AShotThatNothingBlockedSaysSoRatherThanReprintingTheLastOne" fullname="Ironfront.Net.Unity.Server.Tests.OcclusionDescriptionTests.AShotThatNothingBlockedSaysSoRatherThanReprintingTheLastOne" methodname="AShotThatNothingBlockedSaysSoRatherThanReprintingTheLastOne" classname="Ironfront.Net.Unity.Server.Tests.OcclusionDescriptionTests" runstate="Runnable" seed="2117406844" result="Passed" start-time="2026-09-06 09:52:29Z" end-time="2026-09-06 09:52:29Z" duration="0.000117" asserts="0">
                    <properties>
                      <property name="retryIteration" value="0" />
                      <property name="repeatIteration" value="0" />
                    </properties>
                  </test-case>
                  <test-case id="1120" name="AShotThatWasBlockedPrintsTheDescription" fullname="Ironfront.Net.Unity.Server.Tests.OcclusionDescriptionTests.AShotThatWasBlockedPrintsTheDescription" methodname="AShotThatWasBlockedPrintsTheDescription" classname="Ironfront.Net.Unity.Server.Tests.OcclusionDescriptionTests" runstate="Runnable" seed="1424018465" result="Passed" start-time="2026-09-06 09:52:29Z" end-time="2026-09-06 09:52:29Z" duration="0.000102" asserts="0">
                    <properties>
                      <property name="retryIteration" value="0" />
                      <property name="repeatIteration" value="0" />
                    </properties>
                  </test-case>
                  <test-case id="1117" name="AZeroLengthRayPrintsNoFractionRatherThanNaN" fullname="Ironfront.Net.Unity.Server.Tests.OcclusionDescriptionTests.AZeroLengthRayPrintsNoFractionRatherThanNaN" methodname="AZeroLengthRayPrintsNoFractionRatherThanNaN" classname="Ironfront.Net.Unity.Server.Tests.OcclusionDescriptionTests" runstate="Runnable" seed="1469579063" result="Passed" start-time="2026-09-06 09:52:29Z" end-time="2026-09-06 09:52:29Z" duration="0.000314" asserts="0">
                    <properties>
                      <property name="retryIteration" value="0" />
                      <property name="repeatIteration" value="0" />
                    </properties>
                  </test-case>
                  <test-case id="1121" name="ManyOcclusionsInOneShotStillCountAsThisShot" fullname="Ironfront.Net.Unity.Server.Tests.OcclusionDescriptionTests.ManyOcclusionsInOneShotStillCountAsThisShot" methodname="ManyOcclusionsInOneShotStillCountAsThisShot" classname="Ironfront.Net.Unity.Server.Tests.OcclusionDescriptionTests" runstate="Runnable" seed="1414946552" result="Passed" start-time="2026-09-06 09:52:29Z" end-time="2026-09-06 09:52:29Z" duration="0.000132" asserts="0">
                    <properties>
                      <property name="retryIteration" value="0" />
                      <property name="repeatIteration" value="0" />
                    </properties>
                  </test-case>
                  <test-case id="1123" name="NothingHasBlockedAShotUntilSomethingHas" fullname="Ironfront.Net.Unity.Server.Tests.OcclusionDescriptionTests.NothingHasBlockedAShotUntilSomethingHas" methodname="NothingHasBlockedAShotUntilSomethingHas" classname="Ironfront.Net.Unity.Server.Tests.OcclusionDescriptionTests" runstate="Runnable" seed="2045768851" result="Passed" start-time="2026-09-06 09:52:29Z" end-time="2026-09-06 09:52:29Z" duration="0.000116" asserts="0">
                    <properties>
                      <property name="retryIteration" value="0" />
                      <property name="repeatIteration" value="0" />
                    </properties>
                  </test-case>
                  <test-case id="1116" name="TheColliderNameSurvivesVerbatim" fullname="Ironfront.Net.Unity.Server.Tests.OcclusionDescriptionTests.TheColliderNameSurvivesVerbatim" methodname="TheColliderNameSurvivesVerbatim" classname="Ironfront.Net.Unity.Server.Tests.OcclusionDescriptionTests" runstate="Runnable" seed="29521945" result="Passed" start-time="2026-09-06 09:52:29Z" end-time="2026-09-06 09:52:29Z" duration="0.000160" asserts="0">
                    <properties>
                      <property name="retryIteration" value="0" />
                      <property name="repeatIteration" value="0" />
                    </properties>
                  </test-case>
                </test-suite>
[...]
                    </properties>
                    <output><![CDATA[[net] player slot pool filled: 16 claimable bodies, all parked (bot brain suspended until claimed). Map bots are unaffected.
]]></output>
                  </test-case>
                </test-suite>
                <test-suite type="TestFixture" id="1148" name="SpawnPointSelectionTests" fullname="Ironfront.Net.Unity.Server.Tests.SpawnPointSelectionTests" classname="Ironfront.Net.Unity.Server.Tests.SpawnPointSelectionTests" runstate="Runnable" testcasecount="26" result="Passed" start-time="2026-09-06 09:52:29Z" end-time="2026-09-06 09:52:29Z" duration="0.020009" total="26" passed="26" failed="0" inconclusive="0" skipped="0" asserts="0">
                  <properties />
                  <test-case id="1157" name="AGroundPositionIsLiftedToTheCapsuleCentre" fullname="Ironfront.Net.Unity.Server.Tests.SpawnPointSelectionTests.AGroundPositionIsLiftedToTheCapsuleCentre" methodname="AGroundPositionIsLiftedToTheCapsuleCentre" classname="Ironfront.Net.Unity.Server.Tests.SpawnPointSelectionTests" runstate="Runnable" seed="868224571" result="Passed" start-time="2026-09-06 09:52:29Z" end-time="2026-09-06 09:52:29Z" duration="0.000551" asserts="0">
                    <properties>
                      <property name="retryIteration" value="0" />
                      <property name="repeatIteration" value="0" />
                    </properties>
                  </test-case>
                  <test-case id="1149" name="AnEmptyDirectoryChoosesNothing" fullname="Ironfront.Net.Unity.Server.Tests.SpawnPointSelectionTests.AnEmptyDirectoryChoosesNothing" methodname="AnEmptyDirectoryChoosesNothing" classname="Ironfront.Net.Unity.Server.Tests.SpawnPointSelectionTests" runstate="Runnable" seed="2100470828" result="Passed" start-time="2026-09-06 09:52:29Z" end-time="2026-09-06 09:52:29Z" duration="0.000403" asserts="0">
                    <properties>
                      <property name="retryIteration" value="0" />
                      <property name="repeatIteration" value="0" />
                    </properties>
                  </test-case>
                  <test-case id="1153" name="ANeutralPointBelongsToNobodyAndIsChosenByNobody" fullname="Ironfront.Net.Unity.Server.Tests.SpawnPointSelectionTests.ANeutralPointBelongsToNobodyAndIsChosenByNobody" methodname="ANeutralPointBelongsToNobodyAndIsChosenByNobody" classname="Ironfront.Net.Unity.Server.Tests.SpawnPointSelectionTests" runstate="Runnable" seed="902439648" result="Passed" start-time="2026-09-06 09:52:29Z" end-time="2026-09-06 09:52:29Z" duration="0.001134" asserts="0">
                    <properties>
                      <property name="retryIteration" value="0" />
                      <property name="repeatIteration" value="0" />
                    </properties>
                  </test-case>
                  <test-case id="1166" name="APinnedDirectoryDelegatesCountAndPosition" fullname="Ironfront.Net.Unity.Server.Tests.SpawnPointSelectionTests.APinnedDirectoryDelegatesCountAndPosition" methodname="APinnedDirectoryDelegatesCountAndPosition" classname="Ironfront.Net.Unity.Server.Tests.SpawnPointSelectionTests" runstate="Runnable" seed="1215768225" result="Passed" start-time="2026-09-06 09:52:29Z" end-time="2026-09-06 09:52:29Z" duration="0.001059" asserts="0">
                    <properties>
                      <property name="retryIteration" value="0" />
                      <property name="repeatIteration" value="0" />
                    </properties>
                  </test-case>
                  <test-case id="1162" name="APinnedDirectoryNarrowsAndNeverWidens" fullname="Ironfront.Net.Unity.Server.Tests.SpawnPointSelectionTests.APinnedDirectoryNarrowsAndNeverWidens" methodname="APinnedDirectoryNarrowsAndNeverWidens" classname="Ironfront.Net.Unity.Server.Tests.SpawnPointSelectionTests" runstate="Runnable" seed="337475868" result="Passed" start-time="2026-09-06 09:52:29Z" end-time="2026-09-06 09:52:29Z" duration="0.000694" asserts="0">
                    <properties>
                      <property name="retryIteration" value="0" />
                      <property name="repeatIteration" value="0" />
                    </properties>
                  </test-case>
                  <test-case id="1160" name="APinnedDirectoryRotatesThroughItsSlotsAcrossPlacements" fullname="Ironfront.Net.Unity.Server.Tests.SpawnPointSelectionTests.APinnedDirectoryRotatesThroughItsSlotsAcrossPlacements" methodname="APinnedDirectoryRotatesThroughItsSlotsAcrossPlacements" classname="Ironfront.Net.Unity.Server.Tests.SpawnPointSelectionTests" runstate="Runnable" seed="1091167424" result="Passed" start-time="2026-09-06 09:52:29Z" end-time="2026-09-06 09:52:29Z" duration="0.000527" asserts="0">
                    <properties>
                      <property name="retryIteration" value="0" />
                      <property name="repeatIteration" value="0" />
                    </properties>
                  </test-case>
                  <test-case id="1165" name="APinnedIndexIsASlotAndNeverTheNoPointSentinel" fullname="Ironfront.Net.Unity.Server.Tests.SpawnPointSelectionTests.APinnedIndexIsASlotAndNeverTheNoPointSentinel" methodname="APinnedIndexIsASlotAndNeverTheNoPointSentinel" classname="Ironfront.Net.Unity.Server.Tests.SpawnPointSelectionTests" runstate="Runnable" seed="1266410282" result="Passed" start-time="2026-09-06 09:52:29Z" end-time="2026-09-06 09:52:29Z" duration="0.000445" asserts="0">
                    <properties>
                      <property name="retryIteration" value="0" />
                      <property name="repeatIteration" value="0" />
                    </properties>
                  </test-case>
                  <test-case id="1163" name="APinThatStarvesATeamIsRefusedAtConstruction" fullname="Ironfront.Net.Unity.Server.Tests.SpawnPointSelectionTests.APinThatStarvesATeamIsRefusedAtConstruction" methodname="APinThatStarvesATeamIsRefusedAtConstruction" classname="Ironfront.Net.Unity.Server.Tests.SpawnPointSelectionTests" runstate="Runnable" seed="107154039" result="Passed" start-time="2026-09-06 09:52:29Z" end-time="2026-09-06 09:52:29Z" duration="0.000714" asserts="0">
                    <properties>
                      <property name="retryIteration" value="0" />
                      <property name="repeatIteration" value="0" />
                    </properties>
                  </test-case>
                  <test-case id="1161" name="ARotationContainingASlotTheOtherTeamCannotUseThrowsAtConstruction" fullname="Ironfront.Net.Unity.Server.Tests.SpawnPointSelectionTests.ARotationContainingASlotTheOtherTeamCannotUseThrowsAtConstruction" methodname="ARotationContainingASlotTheOtherTeamCannotUseThrowsAtConstruction" classname="Ironfront.Net.Unity.Server.Tests.SpawnPointSelectionTests" runstate="Runnable" seed="1870462169" result="Passed" start-time="2026-09-06 09:52:29Z" end-time="2026-09-06 09:52:29Z" duration="0.000418" asserts="0">
                    <properties>
                      <property name="retryIteration" value="0" />
                      <property name="repeatIteration" value="0" />
                    </properties>
                  </test-case>
                  <test-case id="1172" name="ARouteCursorAdvancesOnceTheWalkerEntersTheCornersRadius" fullname="Ironfront.Net.Unity.Server.Tests.SpawnPointSelectionTests.ARouteCursorAdvancesOnceTheWalkerEntersTheCornersRadius" methodname="ARouteCursorAdvancesOnceTheWalkerEntersTheCornersRadius" classname="Ironfront.Net.Unity.Server.Tests.SpawnPointSelectionTests" runstate="Runnable" seed="707811694" result="Passed" start-time="2026-09-06 09:52:29Z" end-time="2026-09-06 09:52:29Z" duration="0.000563" asserts="0">
                    <properties>
                      <property name="retryIteration" value="0" />
                      <property name="repeatIteration" value="0" />
                    </properties>
                  </test-case>
                  <test-case id="1174" name="ARouteCursorNeverRegressesEvenIfTheWalkerRetreats" fullname="Ironfront.Net.Unity.Server.Tests.SpawnPointSelectionTests.ARouteCursorNeverRegressesEvenIfTheWalkerRetreats" methodname="ARouteCursorNeverRegressesEvenIfTheWalkerRetreats" classname="Ironfront.Net.Unity.Server.Tests.SpawnPointSelectionTests" runstate="Runnable" seed="2060252249" result="Passed" start-time="2026-09-06 09:52:29Z" end-time="2026-09-06 09:52:29Z" duration="0.000213" asserts="0">
                    <properties>
                      <property name="retryIteration" value="0" />
                      <property name="repeatIteration" value="0" />
                    </properties>
                  </test-case>
                  <test-case id="1173" name="ARouteCursorReportsFinishedOnceTheLastCornerIsPassed" fullname="Ironfront.Net.Unity.Server.Tests.SpawnPointSelectionTests.ARouteCursorReportsFinishedOnceTheLastCornerIsPassed" methodname="ARouteCursorReportsFinishedOnceTheLastCornerIsPassed" classname="Ironfront.Net.Unity.Server.Tests.SpawnPointSelectionTests" runstate="Runnable" seed="1907501346" result="Passed" start-time="2026-09-06 09:52:29Z" end-time="2026-09-06 09:52:29Z" duration="0.000282" asserts="0">
                    <properties>
                      <property name="retryIteration" value="0" />
                      <property name="repeatIteration" value="0" />
                    </properties>
                  </test-case>
                  <test-case id="1154" name="ATeamThatHasLostEveryFlagFallsBackOntoNeutralGround" fullname="Ironfront.Net.Unity.Server.Tests.SpawnPointSelectionTests.ATeamThatHasLostEveryFlagFallsBackOntoNeutralGround" methodname="ATeamThatHasLostEveryFlagFallsBackOntoNeutralGround" classname="Ironfront.Net.Unity.Server.Tests.SpawnPointSelectionTests" runstate="Runnable" seed="1736237570" result="Passed" start-time="2026-09-06 09:52:29Z" end-time="2026-09-06 09:52:29Z" duration="0.002095" asserts="0">
                    <properties>
                      <property name="retryIteration" value="0" />
                      <property name="repeatIteration" value="0" />
                    </properties>
                  </test-case>
                  <test-case id="1155" name="ATeamWithNoPointOfItsOwnChoosesNothing" fullname="Ironfront.Net.Unity.Server.Tests.SpawnPointSelectionTests.ATeamWithNoPointOfItsOwnChoosesNothing" methodname="ATeamWithNoPointOfItsOwnChoosesNothing" classname="Ironfront.Net.Unity.Server.Tests.SpawnPointSelectionTests" runstate="Runnable" seed="1966299250" result="Passed" start-time="2026-09-06 09:52:29Z" end-time="2026-09-06 09:52:29Z" duration="0.000245" asserts="0">
                    <properties>
                      <property name="retryIteration" value="0" />
                      <property name="repeatIteration" value="0" />
                    </properties>
                  </test-case>
                  <test-case id="1152" name="AWildcardSlotIsChosenForEveryTeam" fullname="Ironfront.Net.Unity.Server.Tests.SpawnPointSelectionTests.AWildcardSlotIsChosenForEveryTeam" methodname="AWildcardSlotIsChosenForEveryTeam" classname="Ironfront.Net.Unity.Server.Tests.SpawnPointSelectionTests" runstate="Runnable" seed="71762227" result="Passed" start-time="2026-09-06 09:52:29Z" end-time="2026-09-06 09:52:29Z" duration="0.000199" asserts="0">
                    <properties>
                      <property name="retryIteration" value="0" />
                      <property name="repeatIteration" value="0" />
                    </properties>
                  </test-case>
                  <test-case id="1167" name="ChoosingAPointDoesNotAskAnyPointForItsPosition" fullname="Ironfront.Net.Unity.Server.Tests.SpawnPointSelectionTests.ChoosingAPointDoesNotAskAnyPointForItsPosition" methodname="ChoosingAPointDoesNotAskAnyPointForItsPosition" classname="Ironfront.Net.Unity.Server.Tests.SpawnPointSelectionTests" runstate="Runnable" seed="1042184115" result="Passed" start-time="2026-09-06 09:52:29Z" end-time="2026-09-06 09:52:29Z" duration="0.000214" asserts="0">
                    <properties>
                      <property name="retryIteration" value="0" />
                      <property name="repeatIteration" value="0" />
                    </properties>
                  </test-case>
                  <test-case id="1151" name="OnlyPointsThisTeamOwnsAreEverChosen" fullname="Ironfront.Net.Unity.Server.Tests.SpawnPointSelectionTests.OnlyPointsThisTeamOwnsAreEverChosen" methodname="OnlyPointsThisTeamOwnsAreEverChosen" classname="Ironfront.Net.Unity.Server.Tests.SpawnPointSelectionTests" runstate="Runnable" seed="2113685939" result="Passed" start-time="2026-09-06 09:52:29Z" end-time="2026-09-06 09:52:29Z" duration="0.001226" asserts="0">
                    <properties>
                      <property name="retryIteration" value="0" />
                      <property name="repeatIteration" value="0" />
                    </properties>
                  </test-case>
                  <test-case id="1164" name="PinningAnEmptySlotChoosesNothingRatherThanFallingBack" fullname="Ironfront.Net.Unity.Server.Tests.SpawnPointSelectionTests.PinningAnEmptySlotChoosesNothingRatherThanFallingBack" methodname="PinningAnEmptySlotChoosesNothingRatherThanFallingBack" classname="Ironfront.Net.Unity.Server.Tests.SpawnPointSelectionTests" runstate="Runnable" seed="545844405" result="Passed" start-time="2026-09-06 09:52:29Z" end-time="2026-09-06 09:52:29Z" duration="0.000497" asserts="0">
                    <properties>
                      <property name="retryIteration" value="0" />
                      <property name="repeatIteration" value="0" />
                    </properties>
                  </test-case>
                  <test-case id="1156" name="SamplingReachesEveryEligiblePointRatherThanAlwaysTheFirst" fullname="Ironfront.Net.Unity.Server.Tests.SpawnPointSelectionTests.SamplingReachesEveryEligiblePointRatherThanAlwaysTheFirst" methodname="SamplingReachesEveryEligiblePointRatherThanAlwaysTheFirst" classname="Ironfront.Net.Unity.Server.Tests.SpawnPointSelectionTests" runstate="Runnable" seed="1377394386" result="Passed" start-time="2026-09-06 09:52:29Z" end-time="2026-09-06 09:52:29Z" duration="0.000349" asserts="0">
                    <properties>
                      <property name="retryIteration" value="0" />
                      <property name="repeatIteration" value="0" />
                    </properties>
                  </test-case>
                  <test-case id="1150" name="SlotsHoldingNoPointAreSkipped" fullname="Ironfront.Net.Unity.Server.Tests.SpawnPointSelectionTests.SlotsHoldingNoPointAreSkipped" methodname="SlotsHoldingNoPointAreSkipped" classname="Ironfront.Net.Unity.Server.Tests.SpawnPointSelectionTests" runstate="Runnable" seed="921290131" result="Passed" start-time="2026-09-06 09:52:29Z" end-time="2026-09-06 09:52:29Z" duration="0.000152" asserts="0">
                    <properties>
                      <property name="retryIteration" value="0" />
                      <property name="repeatIteration" value="0" />
                    </properties>
                  </test-case>
                  <test-case id="1169" name="SteeringAtACornerTheBodyAlreadyFacesIsPureForward" fullname="Ironfront.Net.Unity.Server.Tests.SpawnPointSelectionTests.SteeringAtACornerTheBodyAlreadyFacesIsPureForward" methodname="SteeringAtACornerTheBodyAlreadyFacesIsPureForward" classname="Ironfront.Net.Unity.Server.Tests.SpawnPointSelectionTests" runstate="Runnable" seed="1187388897" result="Passed" start-time="2026-09-06 09:52:29Z" end-time="2026-09-06 09:52:29Z" duration="0.001037" asserts="0">
                    <properties>
                      <property name="retryIteration" value="0" />
                      <property name="repeatIteration" value="0" />
                    </properties>
                  </test-case>
                  <test-case id="1170" name="SteeringAtTheWalkersOwnPositionHoldsStill" fullname="Ironfront.Net.Unity.Server.Tests.SpawnPointSelectionTests.SteeringAtTheWalkersOwnPositionHoldsStill" methodname="SteeringAtTheWalkersOwnPositionHoldsStill" classname="Ironfront.Net.Unity.Server.Tests.SpawnPointSelectionTests" runstate="Runnable" seed="1633961379" result="Passed" start-time="2026-09-06 09:52:29Z" end-time="2026-09-06 09:52:29Z" duration="0.000287" asserts="0">
                    <properties>
                      <property name="retryIteration" value="0" />
                      <property name="repeatIteration" value="0" />
                    </properties>
                  </test-case>
                  <test-case id="1168" name="SteeringDueEastWhileFacingNorthIsAPureRightStrafe" fullname="Ironfront.Net.Unity.Server.Tests.SpawnPointSelectionTests.SteeringDueEastWhileFacingNorthIsAPureRightStrafe" methodname="SteeringDueEastWhileFacingNorthIsAPureRightStrafe" classname="Ironfront.Net.Unity.Server.Tests.SpawnPointSelectionTests" runstate="Runnable" seed="838465442" result="Passed" start-time="2026-09-06 09:52:29Z" end-time="2026-09-06 09:52:29Z" duration="0.000161" asserts="0">
                    <properties>
                      <property name="retryIteration" value="0" />
                      <property name="repeatIteration" value="0" />
                    </properties>
                  </test-case>
                  <test-case id="1171" name="SteeringOutputIsAlwaysOneOfTheEightQuantizedAxisValues" fullname="Ironfront.Net.Unity.Server.Tests.SpawnPointSelectionTests.SteeringOutputIsAlwaysOneOfTheEightQuantizedAxisValues" methodname="SteeringOutputIsAlwaysOneOfTheEightQuantizedAxisValues" classname="Ironfront.Net.Unity.Server.Tests.SpawnPointSelectionTests" runstate="Runnable" seed="539337083" result="Passed" start-time="2026-09-06 09:52:29Z" end-time="2026-09-06 09:52:29Z" duration="0.001851" asserts="0">
                    <properties>
                      <property name="retryIteration" value="0" />
                      <property name="repeatIteration" value="0" />
                    </properties>
                  </test-case>
                  <test-case id="1158" name="TheLiftIsHalfTheStanceHeightTheAgentWillBuild" fullname="Ironfront.Net.Unity.Server.Tests.SpawnPointSelectionTests.TheLiftIsHalfTheStanceHeightTheAgentWillBuild" methodname="TheLiftIsHalfTheStanceHeightTheAgentWillBuild" classname="Ironfront.Net.Unity.Server.Tests.SpawnPointSelectionTests" runstate="Runnable" seed="130964417" result="Passed" start-time="2026-09-06 09:52:29Z" end-time="2026-09-06 09:52:29Z" duration="0.000235" asserts="0">
                    <properties>
                      <property name="retryIteration" value="0" />
                      <property name="repeatIteration" value="0" />
                    </properties>
                  </test-case>
                  <test-case id="1159" name="ThePlacedBodyIsWhereCollisionWillLeaveItRatherThanBuriedUnderIt" fullname="Ironfront.Net.Unity.Server.Tests.SpawnPointSelectionTests.ThePlacedBodyIsWhereCollisionWillLeaveItRatherThanBuriedUnderIt" methodname="ThePlacedBodyIsWhereCollisionWillLeaveItRatherThanBuriedUnderIt" classname="Ironfront.Net.Unity.Server.Tests.SpawnPointSelectionTests" runstate="Runnable" seed="730099986" result="Passed" start-time="2026-09-06 09:52:29Z" end-time="2026-09-06 09:52:29Z" duration="0.000572" asserts="0">
                    <properties>
                      <property name="retryIteration" value="0" />
                      <property name="repeatIteration" value="0" />
                    </properties>
                    <output><![CDATA[Saving results to: C:/Users/Nghaiz/AppData/LocalLow/SteelRaven7/Ravenfield\TestResults.xml
]]></output>
                  </test-case>
                </test-suite>
              </test-suite>
            </test-suite>
          </test-suite>
        </test-suite>
      </test-suite>
    </test-suite>
  </test-suite>
</test-run>